<?xml version="1.0" encoding="UTF-8" ?>
<testsuite failures="0" time="0.012" errors="0" skipped="0" tests="1" name="com.unresyst.AppTest">
  <properties>
    <property name="java.runtime.name" value="Java(TM) SE Runtime Environment"/>
    <property name="sun.boot.library.path" value="/System/Library/Java/JavaVirtualMachines/1.6.0.jdk/Contents/Libraries"/>
    <property name="java.vm.version" value="20.4-b02-402"/>
    <property name="awt.nativeDoubleBuffering" value="true"/>
    <property name="gopherProxySet" value="false"/>
    <property name="mrj.build" value="11M3527"/>
    <property name="java.vm.vendor" value="Apple Inc."/>
    <property name="java.vendor.url" value="http://www.apple.com/"/>
    <property name="path.separator" value=":"/>
    <property name="java.vm.name" value="Java HotSpot(TM) 64-Bit Server VM"/>
    <property name="file.encoding.pkg" value="sun.io"/>
    <property name="user.country" value="US"/>
    <property name="sun.java.launcher" value="SUN_STANDARD"/>
    <property name="sun.os.patch.level" value="unknown"/>
    <property name="java.vm.specification.name" value="Java Virtual Machine Specification"/>
    <property name="user.dir" value="/Users/admin/mahout_workspace/mahout/mahoutrec"/>
    <property name="java.runtime.version" value="1.6.0_29-b11-402-11M3527"/>
    <property name="java.awt.graphicsenv" value="apple.awt.CGraphicsEnvironment"/>
    <property name="basedir" value="/Users/admin/mahout_workspace/mahout/mahoutrec"/>
    <property name="java.endorsed.dirs" value="/System/Library/Java/JavaVirtualMachines/1.6.0.jdk/Contents/Home/lib/endorsed"/>
    <property name="os.arch" value="x86_64"/>
    <property name="surefire.real.class.path" value="/Users/admin/mahout_workspace/mahout/mahoutrec/target/surefire/surefirebooter5303236062924028021.jar"/>
    <property name="java.io.tmpdir" value="/var/folders/5s/v5cmpv613v5783mmkf4tby280000gp/T/"/>
    <property name="line.separator" value="
"/>
    <property name="java.vm.specification.vendor" value="Sun Microsystems Inc."/>
    <property name="os.name" value="Mac OS X"/>
    <property name="sun.jnu.encoding" value="MacRoman"/>
    <property name="java.library.path" value="/usr/local/mysql/lib::.:/Library/Java/Extensions:/System/Library/Java/Extensions:/usr/lib/java"/>
    <property name="surefire.test.class.path" value="/Users/admin/mahout_workspace/mahout/mahoutrec/target/test-classes:/Users/admin/mahout_workspace/mahout/mahoutrec/target/classes:/Users/admin/.m2/repository/junit/junit/3.8.1/junit-3.8.1.jar:/Users/admin/.m2/repository/org/apache/mahout/mahout-math/0.6-SNAPSHOT/mahout-math-0.6-SNAPSHOT.jar:/Users/admin/.m2/repository/org/apache/commons/commons-math/2.2/commons-math-2.2.jar:/Users/admin/.m2/repository/org/uncommons/maths/uncommons-maths/1.2.2/uncommons-maths-1.2.2.jar:/Users/admin/.m2/repository/jfree/jcommon/1.0.12/jcommon-1.0.12.jar:/Users/admin/.m2/repository/com/google/guava/guava/r09/guava-r09.jar:/Users/admin/.m2/repository/org/apache/mahout/mahout-collections/1.0/mahout-collections-1.0.jar:/Users/admin/.m2/repository/org/slf4j/slf4j-api/1.6.1/slf4j-api-1.6.1.jar:/Users/admin/.m2/repository/org/apache/mahout/mahout-core/0.6-SNAPSHOT/mahout-core-0.6-SNAPSHOT.jar:/Users/admin/.m2/repository/org/apache/hadoop/hadoop-core/0.20.204.0/hadoop-core-0.20.204.0.jar:/Users/admin/.m2/repository/commons-cli/commons-cli/1.2/commons-cli-1.2.jar:/Users/admin/.m2/repository/commons-httpclient/commons-httpclient/3.0.1/commons-httpclient-3.0.1.jar:/Users/admin/.m2/repository/commons-logging/commons-logging/1.0.3/commons-logging-1.0.3.jar:/Users/admin/.m2/repository/commons-codec/commons-codec/1.4/commons-codec-1.4.jar:/Users/admin/.m2/repository/commons-configuration/commons-configuration/1.6/commons-configuration-1.6.jar:/Users/admin/.m2/repository/commons-digester/commons-digester/1.8/commons-digester-1.8.jar:/Users/admin/.m2/repository/commons-beanutils/commons-beanutils/1.7.0/commons-beanutils-1.7.0.jar:/Users/admin/.m2/repository/commons-beanutils/commons-beanutils-core/1.8.0/commons-beanutils-core-1.8.0.jar:/Users/admin/.m2/repository/org/codehaus/jackson/jackson-core-asl/1.8.2/jackson-core-asl-1.8.2.jar:/Users/admin/.m2/repository/org/codehaus/jackson/jackson-mapper-asl/1.8.2/jackson-mapper-asl-1.8.2.jar:/Users/admin/.m2/repository/commons-lang/commons-lang/2.6/commons-lang-2.6.jar:/Users/admin/.m2/repository/org/uncommons/watchmaker/watchmaker-framework/0.6.2/watchmaker-framework-0.6.2.jar:/Users/admin/.m2/repository/com/google/collections/google-collections/1.0-rc2/google-collections-1.0-rc2.jar:/Users/admin/.m2/repository/com/thoughtworks/xstream/xstream/1.3.1/xstream-1.3.1.jar:/Users/admin/.m2/repository/xpp3/xpp3_min/1.1.4c/xpp3_min-1.1.4c.jar:/Users/admin/.m2/repository/org/apache/lucene/lucene-core/3.3.0/lucene-core-3.3.0.jar:/Users/admin/.m2/repository/org/apache/lucene/lucene-analyzers/3.3.0/lucene-analyzers-3.3.0.jar:/Users/admin/.m2/repository/org/apache/mahout/commons/commons-cli/2.0-mahout/commons-cli-2.0-mahout.jar:/Users/admin/.m2/repository/org/apache/mahout/mahout-integration/0.6-SNAPSHOT/mahout-integration-0.6-SNAPSHOT.jar:/Users/admin/.m2/repository/commons-dbcp/commons-dbcp/1.4/commons-dbcp-1.4.jar:/Users/admin/.m2/repository/commons-pool/commons-pool/1.5.6/commons-pool-1.5.6.jar:/Users/admin/.m2/repository/org/apache/solr/solr-commons-csv/3.3.0/solr-commons-csv-3.3.0.jar:/Users/admin/.m2/repository/org/mongodb/mongo-java-driver/2.5/mongo-java-driver-2.5.jar:/Users/admin/.m2/repository/org/mongodb/bson/2.5/bson-2.5.jar:/Users/admin/.m2/repository/org/apache/cassandra/cassandra-all/0.8.1/cassandra-all-0.8.1.jar:/Users/admin/.m2/repository/commons-collections/commons-collections/3.2.1/commons-collections-3.2.1.jar:/Users/admin/.m2/repository/com/googlecode/concurrentlinkedhashmap/concurrentlinkedhashmap-lru/1.1/concurrentlinkedhashmap-lru-1.1.jar:/Users/admin/.m2/repository/org/antlr/antlr/3.2/antlr-3.2.jar:/Users/admin/.m2/repository/org/antlr/antlr-runtime/3.2/antlr-runtime-3.2.jar:/Users/admin/.m2/repository/org/antlr/stringtemplate/3.2/stringtemplate-3.2.jar:/Users/admin/.m2/repository/antlr/antlr/2.7.7/antlr-2.7.7.jar:/Users/admin/.m2/repository/org/apache/cassandra/deps/avro/1.4.0-cassandra-1/avro-1.4.0-cassandra-1.jar:/Users/admin/.m2/repository/org/mortbay/jetty/jetty/6.1.22/jetty-6.1.22.jar:/Users/admin/.m2/repository/org/mortbay/jetty/jetty-util/6.1.22/jetty-util-6.1.22.jar:/Users/admin/.m2/repository/org/mortbay/jetty/servlet-api/2.5-20081211/servlet-api-2.5-20081211.jar:/Users/admin/.m2/repository/jline/jline/0.9.94/jline-0.9.94.jar:/Users/admin/.m2/repository/com/googlecode/json-simple/json-simple/1.1/json-simple-1.1.jar:/Users/admin/.m2/repository/com/github/stephenc/high-scale-lib/high-scale-lib/1.1.2/high-scale-lib-1.1.2.jar:/Users/admin/.m2/repository/org/yaml/snakeyaml/1.6/snakeyaml-1.6.jar:/Users/admin/.m2/repository/log4j/log4j/1.2.16/log4j-1.2.16.jar:/Users/admin/.m2/repository/org/slf4j/slf4j-log4j12/1.6.1/slf4j-log4j12-1.6.1.jar:/Users/admin/.m2/repository/org/apache/thrift/libthrift/0.6.1/libthrift-0.6.1.jar:/Users/admin/.m2/repository/javax/servlet/servlet-api/2.5/servlet-api-2.5.jar:/Users/admin/.m2/repository/org/apache/httpcomponents/httpclient/4.0.1/httpclient-4.0.1.jar:/Users/admin/.m2/repository/org/apache/httpcomponents/httpcore/4.0.1/httpcore-4.0.1.jar:/Users/admin/.m2/repository/org/apache/cassandra/cassandra-thrift/0.8.1/cassandra-thrift-0.8.1.jar:/Users/admin/.m2/repository/com/github/stephenc/jamm/0.2.2/jamm-0.2.2.jar:/Users/admin/.m2/repository/me/prettyprint/hector-core/0.8.0-2/hector-core-0.8.0-2.jar:/Users/admin/.m2/repository/org/slf4j/jul-to-slf4j/1.6.1/jul-to-slf4j-1.6.1.jar:/Users/admin/.m2/repository/com/github/stephenc/eaio-uuid/uuid/3.2.0/uuid-3.2.0.jar:/Users/admin/.m2/repository/com/ecyrd/speed4j/speed4j/0.9/speed4j-0.9.jar:"/>
    <property name="java.specification.name" value="Java Platform API Specification"/>
    <property name="java.class.version" value="50.0"/>
    <property name="sun.management.compiler" value="HotSpot 64-Bit Tiered Compilers"/>
    <property name="os.version" value="10.7.2"/>
    <property name="http.nonProxyHosts" value="local|*.local|169.254/16|*.169.254/16"/>
    <property name="user.home" value="/Users/admin"/>
    <property name="user.timezone" value=""/>
    <property name="java.awt.printerjob" value="apple.awt.CPrinterJob"/>
    <property name="java.specification.version" value="1.6"/>
    <property name="file.encoding" value="MacRoman"/>
    <property name="user.name" value="admin"/>
    <property name="java.class.path" value="/Users/admin/mahout_workspace/mahout/mahoutrec/target/test-classes:/Users/admin/mahout_workspace/mahout/mahoutrec/target/classes:/Users/admin/.m2/repository/junit/junit/3.8.1/junit-3.8.1.jar:/Users/admin/.m2/repository/org/apache/mahout/mahout-math/0.6-SNAPSHOT/mahout-math-0.6-SNAPSHOT.jar:/Users/admin/.m2/repository/org/apache/commons/commons-math/2.2/commons-math-2.2.jar:/Users/admin/.m2/repository/org/uncommons/maths/uncommons-maths/1.2.2/uncommons-maths-1.2.2.jar:/Users/admin/.m2/repository/jfree/jcommon/1.0.12/jcommon-1.0.12.jar:/Users/admin/.m2/repository/com/google/guava/guava/r09/guava-r09.jar:/Users/admin/.m2/repository/org/apache/mahout/mahout-collections/1.0/mahout-collections-1.0.jar:/Users/admin/.m2/repository/org/slf4j/slf4j-api/1.6.1/slf4j-api-1.6.1.jar:/Users/admin/.m2/repository/org/apache/mahout/mahout-core/0.6-SNAPSHOT/mahout-core-0.6-SNAPSHOT.jar:/Users/admin/.m2/repository/org/apache/hadoop/hadoop-core/0.20.204.0/hadoop-core-0.20.204.0.jar:/Users/admin/.m2/repository/commons-cli/commons-cli/1.2/commons-cli-1.2.jar:/Users/admin/.m2/repository/commons-httpclient/commons-httpclient/3.0.1/commons-httpclient-3.0.1.jar:/Users/admin/.m2/repository/commons-logging/commons-logging/1.0.3/commons-logging-1.0.3.jar:/Users/admin/.m2/repository/commons-codec/commons-codec/1.4/commons-codec-1.4.jar:/Users/admin/.m2/repository/commons-configuration/commons-configuration/1.6/commons-configuration-1.6.jar:/Users/admin/.m2/repository/commons-digester/commons-digester/1.8/commons-digester-1.8.jar:/Users/admin/.m2/repository/commons-beanutils/commons-beanutils/1.7.0/commons-beanutils-1.7.0.jar:/Users/admin/.m2/repository/commons-beanutils/commons-beanutils-core/1.8.0/commons-beanutils-core-1.8.0.jar:/Users/admin/.m2/repository/org/codehaus/jackson/jackson-core-asl/1.8.2/jackson-core-asl-1.8.2.jar:/Users/admin/.m2/repository/org/codehaus/jackson/jackson-mapper-asl/1.8.2/jackson-mapper-asl-1.8.2.jar:/Users/admin/.m2/repository/commons-lang/commons-lang/2.6/commons-lang-2.6.jar:/Users/admin/.m2/repository/org/uncommons/watchmaker/watchmaker-framework/0.6.2/watchmaker-framework-0.6.2.jar:/Users/admin/.m2/repository/com/google/collections/google-collections/1.0-rc2/google-collections-1.0-rc2.jar:/Users/admin/.m2/repository/com/thoughtworks/xstream/xstream/1.3.1/xstream-1.3.1.jar:/Users/admin/.m2/repository/xpp3/xpp3_min/1.1.4c/xpp3_min-1.1.4c.jar:/Users/admin/.m2/repository/org/apache/lucene/lucene-core/3.3.0/lucene-core-3.3.0.jar:/Users/admin/.m2/repository/org/apache/lucene/lucene-analyzers/3.3.0/lucene-analyzers-3.3.0.jar:/Users/admin/.m2/repository/org/apache/mahout/commons/commons-cli/2.0-mahout/commons-cli-2.0-mahout.jar:/Users/admin/.m2/repository/org/apache/mahout/mahout-integration/0.6-SNAPSHOT/mahout-integration-0.6-SNAPSHOT.jar:/Users/admin/.m2/repository/commons-dbcp/commons-dbcp/1.4/commons-dbcp-1.4.jar:/Users/admin/.m2/repository/commons-pool/commons-pool/1.5.6/commons-pool-1.5.6.jar:/Users/admin/.m2/repository/org/apache/solr/solr-commons-csv/3.3.0/solr-commons-csv-3.3.0.jar:/Users/admin/.m2/repository/org/mongodb/mongo-java-driver/2.5/mongo-java-driver-2.5.jar:/Users/admin/.m2/repository/org/mongodb/bson/2.5/bson-2.5.jar:/Users/admin/.m2/repository/org/apache/cassandra/cassandra-all/0.8.1/cassandra-all-0.8.1.jar:/Users/admin/.m2/repository/commons-collections/commons-collections/3.2.1/commons-collections-3.2.1.jar:/Users/admin/.m2/repository/com/googlecode/concurrentlinkedhashmap/concurrentlinkedhashmap-lru/1.1/concurrentlinkedhashmap-lru-1.1.jar:/Users/admin/.m2/repository/org/antlr/antlr/3.2/antlr-3.2.jar:/Users/admin/.m2/repository/org/antlr/antlr-runtime/3.2/antlr-runtime-3.2.jar:/Users/admin/.m2/repository/org/antlr/stringtemplate/3.2/stringtemplate-3.2.jar:/Users/admin/.m2/repository/antlr/antlr/2.7.7/antlr-2.7.7.jar:/Users/admin/.m2/repository/org/apache/cassandra/deps/avro/1.4.0-cassandra-1/avro-1.4.0-cassandra-1.jar:/Users/admin/.m2/repository/org/mortbay/jetty/jetty/6.1.22/jetty-6.1.22.jar:/Users/admin/.m2/repository/org/mortbay/jetty/jetty-util/6.1.22/jetty-util-6.1.22.jar:/Users/admin/.m2/repository/org/mortbay/jetty/servlet-api/2.5-20081211/servlet-api-2.5-20081211.jar:/Users/admin/.m2/repository/jline/jline/0.9.94/jline-0.9.94.jar:/Users/admin/.m2/repository/com/googlecode/json-simple/json-simple/1.1/json-simple-1.1.jar:/Users/admin/.m2/repository/com/github/stephenc/high-scale-lib/high-scale-lib/1.1.2/high-scale-lib-1.1.2.jar:/Users/admin/.m2/repository/org/yaml/snakeyaml/1.6/snakeyaml-1.6.jar:/Users/admin/.m2/repository/log4j/log4j/1.2.16/log4j-1.2.16.jar:/Users/admin/.m2/repository/org/slf4j/slf4j-log4j12/1.6.1/slf4j-log4j12-1.6.1.jar:/Users/admin/.m2/repository/org/apache/thrift/libthrift/0.6.1/libthrift-0.6.1.jar:/Users/admin/.m2/repository/javax/servlet/servlet-api/2.5/servlet-api-2.5.jar:/Users/admin/.m2/repository/org/apache/httpcomponents/httpclient/4.0.1/httpclient-4.0.1.jar:/Users/admin/.m2/repository/org/apache/httpcomponents/httpcore/4.0.1/httpcore-4.0.1.jar:/Users/admin/.m2/repository/org/apache/cassandra/cassandra-thrift/0.8.1/cassandra-thrift-0.8.1.jar:/Users/admin/.m2/repository/com/github/stephenc/jamm/0.2.2/jamm-0.2.2.jar:/Users/admin/.m2/repository/me/prettyprint/hector-core/0.8.0-2/hector-core-0.8.0-2.jar:/Users/admin/.m2/repository/org/slf4j/jul-to-slf4j/1.6.1/jul-to-slf4j-1.6.1.jar:/Users/admin/.m2/repository/com/github/stephenc/eaio-uuid/uuid/3.2.0/uuid-3.2.0.jar:/Users/admin/.m2/repository/com/ecyrd/speed4j/speed4j/0.9/speed4j-0.9.jar:"/>
    <property name="java.vm.specification.version" value="1.0"/>
    <property name="sun.arch.data.model" value="64"/>
    <property name="java.home" value="/System/Library/Java/JavaVirtualMachines/1.6.0.jdk/Contents/Home"/>
    <property name="sun.java.command" value="/Users/admin/mahout_workspace/mahout/mahoutrec/target/surefire/surefirebooter5303236062924028021.jar /Users/admin/mahout_workspace/mahout/mahoutrec/target/surefire/surefire5420154080050365207tmp /Users/admin/mahout_workspace/mahout/mahoutrec/target/surefire/surefire5471836556801584908tmp"/>
    <property name="java.specification.vendor" value="Sun Microsystems Inc."/>
    <property name="user.language" value="en"/>
    <property name="awt.toolkit" value="apple.awt.CToolkit"/>
    <property name="java.vm.info" value="mixed mode"/>
    <property name="java.version" value="1.6.0_29"/>
    <property name="java.ext.dirs" value="/Library/Java/Extensions:/System/Library/Java/Extensions:/System/Library/Java/JavaVirtualMachines/1.6.0.jdk/Contents/Home/lib/ext"/>
    <property name="sun.boot.class.path" value="/System/Library/Java/JavaVirtualMachines/1.6.0.jdk/Contents/Classes/jsfd.jar:/System/Library/Java/JavaVirtualMachines/1.6.0.jdk/Contents/Classes/classes.jar:/System/Library/Frameworks/JavaVM.framework/Frameworks/JavaRuntimeSupport.framework/Resources/Java/JavaRuntimeSupport.jar:/System/Library/Java/JavaVirtualMachines/1.6.0.jdk/Contents/Classes/ui.jar:/System/Library/Java/JavaVirtualMachines/1.6.0.jdk/Contents/Classes/laf.jar:/System/Library/Java/JavaVirtualMachines/1.6.0.jdk/Contents/Classes/sunrsasign.jar:/System/Library/Java/JavaVirtualMachines/1.6.0.jdk/Contents/Classes/jsse.jar:/System/Library/Java/JavaVirtualMachines/1.6.0.jdk/Contents/Classes/jce.jar:/System/Library/Java/JavaVirtualMachines/1.6.0.jdk/Contents/Classes/charsets.jar"/>
    <property name="java.vendor" value="Apple Inc."/>
    <property name="localRepository" value="/Users/admin/.m2/repository"/>
    <property name="file.separator" value="/"/>
    <property name="java.vendor.url.bug" value="http://bugreport.apple.com/"/>
    <property name="sun.cpu.endian" value="little"/>
    <property name="sun.io.unicode.encoding" value="UnicodeLittle"/>
    <property name="mrj.version" value="1070.1.6.0_29-402"/>
    <property name="socksNonProxyHosts" value="local|*.local|169.254/16|*.169.254/16"/>
    <property name="ftp.nonProxyHosts" value="local|*.local|169.254/16|*.169.254/16"/>
    <property name="sun.cpu.isalist" value=""/>
  </properties>
  <testcase time="0.002" classname="com.unresyst.AppTest" name="testApp"/>
</testsuite>